Log file open, 03/04/20 11:44:39
LogWindows: Failed to load 'aqProf.dll' (GetLastError=126)
LogWindows: File 'aqProf.dll' does not exist
LogWindows: Failed to load 'VtuneApi.dll' (GetLastError=126)
LogWindows: File 'VtuneApi.dll' does not exist
LogWindows: Failed to load 'VtuneApi32e.dll' (GetLastError=126)
LogWindows: File 'VtuneApi32e.dll' does not exist
LogConsoleResponse: Display: Failed to find resolution value strings in scalability ini. Falling back to default.
LogInit: Display: Running engine for game: finalmain
LogPlatformFile: Not using cached read wrapper
LogTaskGraph: Started task graph with 5 named threads and 23 total threads with 3 sets of task threads.
LogStats: Stats thread started at 0.076342
LogD3D11RHI: Loaded GFSDK_Aftermath_Lib.x64.dll
LogICUInternationalization: ICU TimeZone Detection - Raw Offset: +5:30, Platform Override: ''
LogPluginManager: Mounting plugin Paper2D
LogPluginManager: Mounting plugin AISupport
LogPluginManager: Mounting plugin LightPropagationVolume
LogPluginManager: Mounting plugin ActorLayerUtilities
LogPluginManager: Mounting plugin AnimationSharing
LogPluginManager: Mounting plugin CLionSourceCodeAccess
LogPluginManager: Mounting plugin CodeLiteSourceCodeAccess
LogPluginManager: Mounting plugin GitSourceControl
LogPluginManager: Mounting plugin KDevelopSourceCodeAccess
LogPluginManager: Mounting plugin NullSourceCodeAccess
LogPluginManager: Mounting plugin PerforceSourceControl
LogPluginManager: Mounting plugin PlasticSourceControl
LogPluginManager: Mounting plugin SubversionSourceControl
LogPluginManager: Mounting plugin UObjectPlugin
LogPluginManager: Mounting plugin VisualStudioCodeSourceCodeAccess
LogPluginManager: Mounting plugin VisualStudioSourceCodeAccess
LogPluginManager: Mounting plugin XCodeSourceCodeAccess
LogPluginManager: Mounting plugin AssetManagerEditor
LogPluginManager: Mounting plugin CryptoKeys
LogPluginManager: Mounting plugin CurveEditorTools
LogPluginManager: Mounting plugin DataValidation
LogPluginManager: Mounting plugin FacialAnimation
LogPluginManager: Mounting plugin GameplayTagsEditor
LogPluginManager: Mounting plugin MacGraphicsSwitching
LogPluginManager: Mounting plugin MaterialAnalyzer
LogPluginManager: Mounting plugin MobileLauncherProfileWizard
LogPluginManager: Mounting plugin PluginBrowser
LogPluginManager: Mounting plugin SpeedTreeImporter
LogPluginManager: Mounting plugin DatasmithContent
LogPluginManager: Mounting plugin VariantManagerContent
LogPluginManager: Mounting plugin AlembicImporter
LogPluginManager: Mounting plugin AutomationUtils
LogPluginManager: Mounting plugin BackChannel
LogPluginManager: Mounting plugin CharacterAI
LogPluginManager: Mounting plugin GeometryCache
LogPluginManager: Mounting plugin PlatformCrypto
LogPluginManager: Mounting plugin ProxyLODPlugin
LogPluginManager: Mounting plugin SkeletalReduction
LogPluginManager: Mounting plugin MagicLeap
LogPluginManager: Mounting plugin MagicLeapMedia
LogPluginManager: Mounting plugin MLSDK
LogPluginManager: Mounting plugin AndroidMedia
LogPluginManager: Mounting plugin AvfMedia
LogPluginManager: Mounting plugin ImgMedia
LogPluginManager: Mounting plugin MediaCompositing
LogPluginManager: Mounting plugin MediaPlayerEditor
LogPluginManager: Mounting plugin WebMMedia
LogPluginManager: Mounting plugin WmfMedia
LogPluginManager: Mounting plugin TcpMessaging
LogPluginManager: Mounting plugin UdpMessaging
LogPluginManager: Mounting plugin ActorSequence
LogPluginManager: Mounting plugin LevelSequenceEditor
LogPluginManager: Mounting plugin MatineeToLevelSequence
LogPluginManager: Mounting plugin NetcodeUnitTest
LogPluginManager: Mounting plugin NUTUnrealEngine4
LogPluginManager: Mounting plugin OnlineSubsystemGooglePlay
LogPluginManager: Mounting plugin OnlineSubsystemIOS
LogPluginManager: Mounting plugin OnlineSubsystem
LogPluginManager: Mounting plugin OnlineSubsystemNull
LogPluginManager: Mounting plugin OnlineSubsystemUtils
LogPluginManager: Mounting plugin LauncherChunkInstaller
LogPluginManager: Mounting plugin AndroidDeviceProfileSelector
LogPluginManager: Mounting plugin AndroidMoviePlayer
LogPluginManager: Mounting plugin AndroidPermission
LogPluginManager: Mounting plugin AppleImageUtils
LogPluginManager: Mounting plugin AppleMoviePlayer
LogPluginManager: Mounting plugin ArchVisCharacter
LogPluginManager: Mounting plugin AssetTags
LogPluginManager: Mounting plugin AudioCapture
LogPluginManager: Mounting plugin CableComponent
LogPluginManager: Mounting plugin CustomMeshComponent
LogPluginManager: Mounting plugin EditableMesh
LogPluginManager: Mounting plugin ExampleDeviceProfileSelector
LogPluginManager: Mounting plugin GoogleCloudMessaging
LogPluginManager: Mounting plugin IOSDeviceProfileSelector
LogPluginManager: Mounting plugin LinuxDeviceProfileSelector
LogPluginManager: Mounting plugin LocationServicesBPLibrary
LogPluginManager: Mounting plugin MobilePatchingUtils
LogPluginManager: Mounting plugin OculusVR
LogPluginManager: Mounting plugin PhysXVehicles
LogPluginManager: Mounting plugin PostSplashScreen
LogPluginManager: Mounting plugin ProceduralMeshComponent
LogPluginManager: Mounting plugin RuntimePhysXCooking
LogPluginManager: Mounting plugin SignificanceManager
LogPluginManager: Mounting plugin SteamVR
LogPluginManager: Mounting plugin WebMMoviePlayer
LogPluginManager: Mounting plugin WindowsMoviePlayer
LogPluginManager: Mounting plugin ScreenshotTools
LogInit: Using libcurl 7.55.1-DEV
LogInit:  - built for x86_64-pc-win32
LogInit:  - supports SSL with OpenSSL/1.1.1
LogInit:  - supports HTTP deflate (compression) using libz 1.2.8
LogInit:  - other features:
LogInit:      CURL_VERSION_SSL
LogInit:      CURL_VERSION_LIBZ
LogInit:      CURL_VERSION_IPV6
LogInit:      CURL_VERSION_ASYNCHDNS
LogInit:      CURL_VERSION_LARGEFILE
LogInit:      CURL_VERSION_IDN
LogInit:  CurlRequestOptions (configurable via config and command line):
LogInit:  - bVerifyPeer = true  - Libcurl will verify peer certificate
LogInit:  - bUseHttpProxy = false  - Libcurl will NOT use HTTP proxy
LogInit:  - bDontReuseConnections = false  - Libcurl will reuse connections
LogInit:  - MaxHostConnections = 16  - Libcurl will limit the number of connections to a host
LogInit:  - LocalHostAddr = Default
LogInit:  - BufferSize = 65536
LogOnline: OSS: Creating online subsystem instance for: NULL
LogInit: WinSock: version 1.1 (2.2), MaxSocks=32767, MaxUdp=65467
LogOnline: OSS: TryLoadSubsystemAndSetDefault: Loaded subsystem for module [NULL]
LogInit: Build: ++UE4+Release-4.24-CL-10757647
LogInit: Engine Version: 4.24.1-10757647+++UE4+Release-4.24
LogInit: Compatible Engine Version: 4.24.0-10570792+++UE4+Release-4.24
LogInit: Net CL: 10570792
LogInit: OS: Windows 10 (Release 1903) (), CPU: Intel(R) Core(TM) i7-8550U CPU @ 1.80GHz, GPU: Intel(R) UHD Graphics 620
LogInit: Compiled (64-bit): Dec 17 2019 02:08:03
LogInit: Compiled with Visual C++: 19.16.27032.01
LogInit: Build Configuration: Development
LogInit: Branch Name: ++UE4+Release-4.24
LogInit: Command Line: 
LogInit: Base Directory: F:/epic games/unreal/UE_4.24/Engine/Binaries/Win64/
LogInit: Installed Engine Build: 1
LogDevObjectVersion: Number of dev versions registered: 25
LogDevObjectVersion:   Dev-Blueprints (B0D832E4-1F89-4F0D-ACCF-7EB736FD4AA2): 10
LogDevObjectVersion:   Dev-Build (E1C64328-A22C-4D53-A36C-8E866417BD8C): 0
LogDevObjectVersion:   Dev-Core (375EC13C-06E4-48FB-B500-84F0262A717E): 3
LogDevObjectVersion:   Dev-Editor (E4B068ED-F494-42E9-A231-DA0B2E46BB41): 37
LogDevObjectVersion:   Dev-Framework (CFFC743F-43B0-4480-9391-14DF171D2073): 36
LogDevObjectVersion:   Dev-Mobile (B02B49B5-BB20-44E9-A304-32B752E40360): 2
LogDevObjectVersion:   Dev-Networking (A4E4105C-59A1-49B5-A7C5-40C4547EDFEE): 0
LogDevObjectVersion:   Dev-Online (39C831C9-5AE6-47DC-9A44-9C173E1C8E7C): 0
LogDevObjectVersion:   Dev-Physics (78F01B33-EBEA-4F98-B9B4-84EACCB95AA2): 2
LogDevObjectVersion:   Dev-Platform (6631380F-2D4D-43E0-8009-CF276956A95A): 0
LogDevObjectVersion:   Dev-Rendering (12F88B9F-8875-4AFC-A67C-D90C383ABD29): 36
LogDevObjectVersion:   Dev-Sequencer (7B5AE74C-D270-4C10-A958-57980B212A5A): 11
LogDevObjectVersion:   Dev-VR (D7296918-1DD6-4BDD-9DE2-64A83CC13884): 2
LogDevObjectVersion:   Dev-LoadTimes (C2A15278-BFE7-4AFE-6C17-90FF531DF755): 1
LogDevObjectVersion:   Private-Geometry (6EACA3D4-40EC-4CC1-B786-8BED09428FC5): 3
LogDevObjectVersion:   Dev-AnimPhys (29E575DD-E0A3-4627-9D10-D276232CDCEA): 17
LogDevObjectVersion:   Dev-Anim (AF43A65D-7FD3-4947-9873-3E8ED9C1BB05): 2
LogDevObjectVersion:   Dev-ReflectionCapture (6B266CEC-1EC7-4B8F-A30B-E4D90942FC07): 1
LogDevObjectVersion:   Dev-Automation (0DF73D61-A23F-47EA-B727-89E90C41499A): 1
LogDevObjectVersion:   FortniteMain (601D1886-AC64-4F84-AA16-D3DE0DEAC7D6): 31
LogDevObjectVersion:   Dev-Enterprise (9DFFBCD6-494F-0158-E221-12823C92A888): 8
LogDevObjectVersion:   Dev-Niagara (F2AED0AC-9AFE-416F-8664-AA7FFA26D6FC): 1
LogDevObjectVersion:   Dev-Destruction (174F1F0B-B4C6-45A5-B13F-2EE8D0FB917D): 9
LogDevObjectVersion:   Dev-Physics-Ext (35F94A83-E258-406C-A318-09F59610247C): 8
LogDevObjectVersion:   Dev-CineCamera (B2E18506-4273-CFC2-A54E-F4BB758BBA07): 1
LogInit: Presizing for max 25165824 objects, including 0 objects not considered by GC, pre-allocating 0 bytes for permanent pool.
LogInit: Object subsystem initialized
LogConfig: Setting CVar [[con.DebugEarlyDefault:1]]
LogConfig: Setting CVar [[r.setres:1280x720]]
[2020.03.04-06.14.40:126][  0]LogConfig: Setting CVar [[r.VSync:0]]
[2020.03.04-06.14.40:126][  0]LogConfig: Setting CVar [[r.RHICmdBypass:0]]
[2020.03.04-06.14.40:126][  0]LogConfig: Applying CVar settings from Section [/Script/Engine.RendererSettings] File [D:/unreal project/finalmain/Saved/Config/Windows/Engine.ini]
[2020.03.04-06.14.40:126][  0]LogConfig: Setting CVar [[r.GPUCrashDebugging:0]]
[2020.03.04-06.14.40:126][  0]LogConfig: Applying CVar settings from Section [/Script/Engine.RendererOverrideSettings] File [D:/unreal project/finalmain/Saved/Config/Windows/Engine.ini]
[2020.03.04-06.14.40:126][  0]LogConfig: Applying CVar settings from Section [/Script/Engine.StreamingSettings] File [D:/unreal project/finalmain/Saved/Config/Windows/Engine.ini]
[2020.03.04-06.14.40:126][  0]LogConfig: Setting CVar [[s.MinBulkDataSizeForAsyncLoading:131072]]
[2020.03.04-06.14.40:126][  0]LogConfig: Setting CVar [[s.AsyncLoadingThreadEnabled:0]]
[2020.03.04-06.14.40:126][  0]LogConfig: Setting CVar [[s.EventDrivenLoaderEnabled:1]]
[2020.03.04-06.14.40:126][  0]LogConfig: Setting CVar [[s.WarnIfTimeLimitExceeded:0]]
[2020.03.04-06.14.40:126][  0]LogConfig: Setting CVar [[s.TimeLimitExceededMultiplier:1.5]]
[2020.03.04-06.14.40:126][  0]LogConfig: Setting CVar [[s.TimeLimitExceededMinTime:0.005]]
[2020.03.04-06.14.40:126][  0]LogConfig: Setting CVar [[s.UseBackgroundLevelStreaming:1]]
[2020.03.04-06.14.40:126][  0]LogConfig: Setting CVar [[s.PriorityAsyncLoadingExtraTime:15.0]]
[2020.03.04-06.14.40:126][  0]LogConfig: Setting CVar [[s.LevelStreamingActorsUpdateTimeLimit:5.0]]
[2020.03.04-06.14.40:126][  0]LogConfig: Setting CVar [[s.PriorityLevelStreamingActorsUpdateExtraTime:5.0]]
[2020.03.04-06.14.40:126][  0]LogConfig: Setting CVar [[s.LevelStreamingComponentsRegistrationGranularity:10]]
[2020.03.04-06.14.40:126][  0]LogConfig: Setting CVar [[s.UnregisterComponentsTimeLimit:1.0]]
[2020.03.04-06.14.40:126][  0]LogConfig: Setting CVar [[s.LevelStreamingComponentsUnregistrationGranularity:5]]
[2020.03.04-06.14.40:126][  0]LogConfig: Setting CVar [[s.FlushStreamingOnExit:1]]
[2020.03.04-06.14.40:126][  0]LogConfig: Applying CVar settings from Section [/Script/Engine.GarbageCollectionSettings] File [D:/unreal project/finalmain/Saved/Config/Windows/Engine.ini]
[2020.03.04-06.14.40:126][  0]LogConfig: Setting CVar [[gc.MaxObjectsNotConsideredByGC:1]]
[2020.03.04-06.14.40:126][  0]LogConfig: Setting CVar [[gc.SizeOfPermanentObjectPool:0]]
[2020.03.04-06.14.40:126][  0]LogConfig: Setting CVar [[gc.FlushStreamingOnGC:0]]
[2020.03.04-06.14.40:126][  0]LogConfig: Setting CVar [[gc.NumRetriesBeforeForcingGC:10]]
[2020.03.04-06.14.40:126][  0]LogConfig: Setting CVar [[gc.AllowParallelGC:1]]
[2020.03.04-06.14.40:126][  0]LogConfig: Setting CVar [[gc.TimeBetweenPurgingPendingKillObjects:61.1]]
[2020.03.04-06.14.40:126][  0]LogConfig: Setting CVar [[gc.MaxObjectsInEditor:25165824]]
[2020.03.04-06.14.40:126][  0]LogConfig: Setting CVar [[gc.IncrementalBeginDestroyEnabled:1]]
[2020.03.04-06.14.40:126][  0]LogConfig: Setting CVar [[gc.CreateGCClusters:1]]
[2020.03.04-06.14.40:126][  0]LogConfig: Setting CVar [[gc.MinGCClusterSize:5]]
[2020.03.04-06.14.40:126][  0]LogConfig: Setting CVar [[gc.ActorClusteringEnabled:0]]
[2020.03.04-06.14.40:126][  0]LogConfig: Setting CVar [[gc.BlueprintClusteringEnabled:0]]
[2020.03.04-06.14.40:127][  0]LogConfig: Setting CVar [[gc.UseDisregardForGCOnDedicatedServers:0]]
[2020.03.04-06.14.40:127][  0]LogConfig: Applying CVar settings from Section [/Script/Engine.NetworkSettings] File [D:/unreal project/finalmain/Saved/Config/Windows/Engine.ini]
[2020.03.04-06.14.40:127][  0]LogConfig: Applying CVar settings from Section [/Script/UnrealEd.CookerSettings] File [D:/unreal project/finalmain/Saved/Config/Windows/Engine.ini]
[2020.03.04-06.14.40:129][  0]LogConfig: Applying CVar settings from Section [ViewDistanceQuality@3] File [D:/unreal project/finalmain/Saved/Config/Windows/Scalability.ini]
[2020.03.04-06.14.40:129][  0]LogConfig: Setting CVar [[r.SkeletalMeshLODBias:0]]
[2020.03.04-06.14.40:129][  0]LogConfig: Setting CVar [[r.ViewDistanceScale:1.0]]
[2020.03.04-06.14.40:129][  0]LogConfig: Applying CVar settings from Section [AntiAliasingQuality@3] File [D:/unreal project/finalmain/Saved/Config/Windows/Scalability.ini]
[2020.03.04-06.14.40:129][  0]LogConfig: Setting CVar [[r.PostProcessAAQuality:4]]
[2020.03.04-06.14.40:130][  0]LogConfig: Applying CVar settings from Section [ShadowQuality@3] File [D:/unreal project/finalmain/Saved/Config/Windows/Scalability.ini]
[2020.03.04-06.14.40:130][  0]LogConfig: Setting CVar [[r.LightFunctionQuality:1]]
[2020.03.04-06.14.40:130][  0]LogConfig: Setting CVar [[r.ShadowQuality:5]]
[2020.03.04-06.14.40:130][  0]LogConfig: Setting CVar [[r.Shadow.CSM.MaxCascades:10]]
[2020.03.04-06.14.40:130][  0]LogConfig: Setting CVar [[r.Shadow.MaxResolution:2048]]
[2020.03.04-06.14.40:130][  0]LogConfig: Setting CVar [[r.Shadow.MaxCSMResolution:2048]]
[2020.03.04-06.14.40:130][  0]LogConfig: Setting CVar [[r.Shadow.RadiusThreshold:0.01]]
[2020.03.04-06.14.40:130][  0]LogConfig: Setting CVar [[r.Shadow.DistanceScale:1.0]]
[2020.03.04-06.14.40:130][  0]LogConfig: Setting CVar [[r.Shadow.CSM.TransitionScale:1.0]]
[2020.03.04-06.14.40:130][  0]LogConfig: Setting CVar [[r.Shadow.PreShadowResolutionFactor:1.0]]
[2020.03.04-06.14.40:130][  0]LogConfig: Setting CVar [[r.DistanceFieldShadowing:1]]
[2020.03.04-06.14.40:130][  0]LogConfig: Setting CVar [[r.DistanceFieldAO:1]]
[2020.03.04-06.14.40:130][  0]LogConfig: Setting CVar [[r.AOQuality:2]]
[2020.03.04-06.14.40:130][  0]LogConfig: Setting CVar [[r.VolumetricFog:1]]
[2020.03.04-06.14.40:130][  0]LogConfig: Setting CVar [[r.VolumetricFog.GridPixelSize:8]]
[2020.03.04-06.14.40:130][  0]LogConfig: Setting CVar [[r.VolumetricFog.GridSizeZ:128]]
[2020.03.04-06.14.40:130][  0]LogConfig: Setting CVar [[r.VolumetricFog.HistoryMissSupersampleCount:4]]
[2020.03.04-06.14.40:130][  0]LogConfig: Setting CVar [[r.LightMaxDrawDistanceScale:1]]
[2020.03.04-06.14.40:130][  0]LogConfig: Setting CVar [[r.CapsuleShadows:1]]
[2020.03.04-06.14.40:130][  0]LogConfig: Applying CVar settings from Section [PostProcessQuality@3] File [D:/unreal project/finalmain/Saved/Config/Windows/Scalability.ini]
[2020.03.04-06.14.40:130][  0]LogConfig: Setting CVar [[r.MotionBlurQuality:4]]
[2020.03.04-06.14.40:130][  0]LogConfig: Setting CVar [[r.AmbientOcclusionMipLevelFactor:0.4]]
[2020.03.04-06.14.40:130][  0]LogConfig: Setting CVar [[r.AmbientOcclusionMaxQuality:100]]
[2020.03.04-06.14.40:130][  0]LogConfig: Setting CVar [[r.AmbientOcclusionLevels:-1]]
[2020.03.04-06.14.40:130][  0]LogConfig: Setting CVar [[r.AmbientOcclusionRadiusScale:1.0]]
[2020.03.04-06.14.40:130][  0]LogConfig: Setting CVar [[r.DepthOfFieldQuality:2]]
[2020.03.04-06.14.40:130][  0]LogConfig: Setting CVar [[r.RenderTargetPoolMin:400]]
[2020.03.04-06.14.40:130][  0]LogConfig: Setting CVar [[r.LensFlareQuality:2]]
[2020.03.04-06.14.40:130][  0]LogConfig: Setting CVar [[r.SceneColorFringeQuality:1]]
[2020.03.04-06.14.40:130][  0]LogConfig: Setting CVar [[r.EyeAdaptationQuality:2]]
[2020.03.04-06.14.40:130][  0]LogConfig: Setting CVar [[r.BloomQuality:5]]
[2020.03.04-06.14.40:130][  0]LogConfig: Setting CVar [[r.FastBlurThreshold:100]]
[2020.03.04-06.14.40:130][  0]LogConfig: Setting CVar [[r.Upscale.Quality:3]]
[2020.03.04-06.14.40:130][  0]LogConfig: Setting CVar [[r.Tonemapper.GrainQuantization:1]]
[2020.03.04-06.14.40:130][  0]LogConfig: Setting CVar [[r.LightShaftQuality:1]]
[2020.03.04-06.14.40:130][  0]LogConfig: Setting CVar [[r.Filter.SizeScale:1]]
[2020.03.04-06.14.40:130][  0]LogConfig: Setting CVar [[r.Tonemapper.Quality:5]]
[2020.03.04-06.14.40:130][  0]LogConfig: Setting CVar [[r.DOF.Gather.AccumulatorQuality:1        ; higher gathering accumulator quality]]
[2020.03.04-06.14.40:130][  0]LogConfig: Setting CVar [[r.DOF.Gather.PostfilterMethod:1          ; Median3x3 postfilering method]]
[2020.03.04-06.14.40:130][  0]LogConfig: Setting CVar [[r.DOF.Gather.EnableBokehSettings:0       ; no bokeh simulation when gathering]]
[2020.03.04-06.14.40:130][  0]LogConfig: Setting CVar [[r.DOF.Gather.RingCount:4                 ; medium number of samples when gathering]]
[2020.03.04-06.14.40:130][  0]LogConfig: Setting CVar [[r.DOF.Scatter.ForegroundCompositing:1    ; additive foreground scattering]]
[2020.03.04-06.14.40:130][  0]LogConfig: Setting CVar [[r.DOF.Scatter.BackgroundCompositing:2    ; additive background scattering]]
[2020.03.04-06.14.40:130][  0]LogConfig: Setting CVar [[r.DOF.Scatter.EnableBokehSettings:1      ; bokeh simulation when scattering]]
[2020.03.04-06.14.40:130][  0]LogConfig: Setting CVar [[r.DOF.Scatter.MaxSpriteRatio:0.1         ; only a maximum of 10% of scattered bokeh]]
[2020.03.04-06.14.40:130][  0]LogConfig: Setting CVar [[r.DOF.Recombine.Quality:1                ; cheap slight out of focus]]
[2020.03.04-06.14.40:130][  0]LogConfig: Setting CVar [[r.DOF.Recombine.EnableBokehSettings:0    ; no bokeh simulation on slight out of focus]]
[2020.03.04-06.14.40:130][  0]LogConfig: Setting CVar [[r.DOF.TemporalAAQuality:1                ; more stable temporal accumulation]]
[2020.03.04-06.14.40:130][  0]LogConfig: Setting CVar [[r.DOF.Kernel.MaxForegroundRadius:0.025]]
[2020.03.04-06.14.40:130][  0]LogConfig: Setting CVar [[r.DOF.Kernel.MaxBackgroundRadius:0.025]]
[2020.03.04-06.14.40:130][  0]LogConfig: Applying CVar settings from Section [TextureQuality@3] File [D:/unreal project/finalmain/Saved/Config/Windows/Scalability.ini]
[2020.03.04-06.14.40:130][  0]LogConfig: Setting CVar [[r.Streaming.MipBias:0]]
[2020.03.04-06.14.40:130][  0]LogConfig: Setting CVar [[r.Streaming.AmortizeCPUToGPUCopy:0]]
[2020.03.04-06.14.40:130][  0]LogConfig: Setting CVar [[r.Streaming.MaxNumTexturesToStreamPerFrame:0]]
[2020.03.04-06.14.40:131][  0]LogConfig: Setting CVar [[r.Streaming.Boost:1]]
[2020.03.04-06.14.40:131][  0]LogConfig: Setting CVar [[r.MaxAnisotropy:8]]
[2020.03.04-06.14.40:131][  0]LogConfig: Setting CVar [[r.VT.MaxAnisotropy:8]]
[2020.03.04-06.14.40:131][  0]LogConfig: Setting CVar [[r.Streaming.LimitPoolSizeToVRAM:0]]
[2020.03.04-06.14.40:131][  0]LogConfig: Setting CVar [[r.Streaming.PoolSize:1000]]
[2020.03.04-06.14.40:131][  0]LogConfig: Setting CVar [[r.Streaming.MaxEffectiveScreenSize:0]]
[2020.03.04-06.14.40:131][  0]LogConfig: Applying CVar settings from Section [EffectsQuality@3] File [D:/unreal project/finalmain/Saved/Config/Windows/Scalability.ini]
[2020.03.04-06.14.40:131][  0]LogConfig: Setting CVar [[r.TranslucencyLightingVolumeDim:64]]
[2020.03.04-06.14.40:131][  0]LogConfig: Setting CVar [[r.RefractionQuality:2]]
[2020.03.04-06.14.40:131][  0]LogConfig: Setting CVar [[r.SSR.Quality:3]]
[2020.03.04-06.14.40:131][  0]LogConfig: Setting CVar [[r.SSR.HalfResSceneColor:0]]
[2020.03.04-06.14.40:131][  0]LogConfig: Setting CVar [[r.SceneColorFormat:4]]
[2020.03.04-06.14.40:131][  0]LogConfig: Setting CVar [[r.DetailMode:2]]
[2020.03.04-06.14.40:131][  0]LogConfig: Setting CVar [[r.TranslucencyVolumeBlur:1]]
[2020.03.04-06.14.40:131][  0]LogConfig: Setting CVar [[r.MaterialQualityLevel:1 ; High quality]]
[2020.03.04-06.14.40:131][  0]LogConfig: Setting CVar [[r.SSS.Scale:1]]
[2020.03.04-06.14.40:131][  0]LogConfig: Setting CVar [[r.SSS.SampleSet:2]]
[2020.03.04-06.14.40:131][  0]LogConfig: Setting CVar [[r.SSS.Quality:1]]
[2020.03.04-06.14.40:131][  0]LogConfig: Setting CVar [[r.SSS.HalfRes:1]]
[2020.03.04-06.14.40:131][  0]LogConfig: Setting CVar [[r.SSGI.Quality:3]]
[2020.03.04-06.14.40:131][  0]LogConfig: Setting CVar [[r.EmitterSpawnRateScale:1.0]]
[2020.03.04-06.14.40:131][  0]LogConfig: Setting CVar [[r.ParticleLightQuality:2]]
[2020.03.04-06.14.40:131][  0]LogConfig: Setting CVar [[r.SkyAtmosphere.AerialPerspectiveLUT.FastApplyOnOpaque:1 ; Always have FastSkyLUT 1 in this case to avoid wrong sky]]
[2020.03.04-06.14.40:131][  0]LogConfig: Setting CVar [[r.SkyAtmosphere.AerialPerspectiveLUT.SampleCountPerSlice:1]]
[2020.03.04-06.14.40:131][  0]LogConfig: Setting CVar [[r.SkyAtmosphere.AerialPerspectiveLUT.DepthResolution:16.0]]
[2020.03.04-06.14.40:131][  0]LogConfig: Setting CVar [[r.SkyAtmosphere.FastSkyLUT:1]]
[2020.03.04-06.14.40:131][  0]LogConfig: Setting CVar [[r.SkyAtmosphere.FastSkyLUT.SampleCountMin:4.0]]
[2020.03.04-06.14.40:131][  0]LogConfig: Setting CVar [[r.SkyAtmosphere.FastSkyLUT.SampleCountMax:32.0]]
[2020.03.04-06.14.40:131][  0]LogConfig: Setting CVar [[r.SkyAtmosphere.SampleCountMin:4.0]]
[2020.03.04-06.14.40:131][  0]LogConfig: Setting CVar [[r.SkyAtmosphere.SampleCountMax:32.0]]
[2020.03.04-06.14.40:131][  0]LogConfig: Setting CVar [[r.SkyAtmosphere.TransmittanceLUT.UseSmallFormat:0]]
[2020.03.04-06.14.40:131][  0]LogConfig: Setting CVar [[r.SkyAtmosphere.TransmittanceLUT.SampleCount:10.0]]
[2020.03.04-06.14.40:131][  0]LogConfig: Setting CVar [[r.SkyAtmosphere.MultiScatteringLUT.SampleCount:15.0]]
[2020.03.04-06.14.40:131][  0]LogConfig: Applying CVar settings from Section [FoliageQuality@3] File [D:/unreal project/finalmain/Saved/Config/Windows/Scalability.ini]
[2020.03.04-06.14.40:131][  0]LogConfig: Setting CVar [[foliage.DensityScale:1.0]]
[2020.03.04-06.14.40:131][  0]LogConfig: Setting CVar [[grass.DensityScale:1.0]]
[2020.03.04-06.14.40:131][  0]LogConfig: Applying CVar settings from Section [ShadingQuality@3] File [D:/unreal project/finalmain/Saved/Config/Windows/Scalability.ini]
[2020.03.04-06.14.40:131][  0]LogConfig: Setting CVar [[r.HairStrands.SkyLighting.SampleCount:16]]
[2020.03.04-06.14.40:131][  0]LogConfig: Setting CVar [[r.HairStrands.SkyLighting.JitterIntegration:0]]
[2020.03.04-06.14.40:131][  0]LogConfig: Setting CVar [[r.HairStrands.SkyAO.SampleCount:16]]
[2020.03.04-06.14.40:131][  0]LogInit: Selected Device Profile: [Windows]
[2020.03.04-06.14.40:131][  0]LogInit: Applying CVar settings loaded from the selected device profile: [Windows]
[2020.03.04-06.14.40:134][  0]LogHAL: Display: Platform has ~ 8 GB [8482713600 / 8589934592 / 8], which maps to Default [LargestMinGB=32, LargerMinGB=12, DefaultMinGB=8, SmallerMinGB=6, SmallestMinGB=0)
[2020.03.04-06.14.40:134][  0]LogInit: Going up to parent DeviceProfile []
[2020.03.04-06.14.40:134][  0]LogConfig: Applying CVar settings from Section [ViewDistanceQuality@1] File [D:/unreal project/finalmain/Saved/Config/Windows/Scalability.ini]
[2020.03.04-06.14.40:134][  0]LogConfig: Setting CVar [[r.SkeletalMeshLODBias:1]]
[2020.03.04-06.14.40:134][  0]LogConfig: Setting CVar [[r.ViewDistanceScale:0.6]]
[2020.03.04-06.14.40:134][  0]LogConfig: Applying CVar settings from Section [AntiAliasingQuality@1] File [D:/unreal project/finalmain/Saved/Config/Windows/Scalability.ini]
[2020.03.04-06.14.40:134][  0]LogConfig: Setting CVar [[r.PostProcessAAQuality:2]]
[2020.03.04-06.14.40:134][  0]LogConfig: Applying CVar settings from Section [ShadowQuality@1] File [D:/unreal project/finalmain/Saved/Config/Windows/Scalability.ini]
[2020.03.04-06.14.40:134][  0]LogConfig: Setting CVar [[r.LightFunctionQuality:1]]
[2020.03.04-06.14.40:134][  0]LogConfig: Setting CVar [[r.ShadowQuality:3]]
[2020.03.04-06.14.40:134][  0]LogConfig: Setting CVar [[r.Shadow.CSM.MaxCascades:1]]
[2020.03.04-06.14.40:134][  0]LogConfig: Setting CVar [[r.Shadow.MaxResolution:1024]]
[2020.03.04-06.14.40:134][  0]LogConfig: Setting CVar [[r.Shadow.MaxCSMResolution:1024]]
[2020.03.04-06.14.40:134][  0]LogConfig: Setting CVar [[r.Shadow.RadiusThreshold:0.05]]
[2020.03.04-06.14.40:134][  0]LogConfig: Setting CVar [[r.Shadow.DistanceScale:0.7]]
[2020.03.04-06.14.40:134][  0]LogConfig: Setting CVar [[r.Shadow.CSM.TransitionScale:0.25]]
[2020.03.04-06.14.40:134][  0]LogConfig: Setting CVar [[r.Shadow.PreShadowResolutionFactor:0.5]]
[2020.03.04-06.14.40:134][  0]LogConfig: Setting CVar [[r.DistanceFieldShadowing:0]]
[2020.03.04-06.14.40:134][  0]LogConfig: Setting CVar [[r.DistanceFieldAO:0]]
[2020.03.04-06.14.40:134][  0]LogConfig: Setting CVar [[r.VolumetricFog:0]]
[2020.03.04-06.14.40:134][  0]LogConfig: Setting CVar [[r.LightMaxDrawDistanceScale:.5]]
[2020.03.04-06.14.40:134][  0]LogConfig: Setting CVar [[r.CapsuleShadows:1]]
[2020.03.04-06.14.40:134][  0]LogConfig: Applying CVar settings from Section [PostProcessQuality@1] File [D:/unreal project/finalmain/Saved/Config/Windows/Scalability.ini]
[2020.03.04-06.14.40:134][  0]LogConfig: Setting CVar [[r.MotionBlurQuality:3]]
[2020.03.04-06.14.40:134][  0]LogConfig: Setting CVar [[r.AmbientOcclusionMipLevelFactor:1.0]]
[2020.03.04-06.14.40:134][  0]LogConfig: Setting CVar [[r.AmbientOcclusionMaxQuality:60]]
[2020.03.04-06.14.40:134][  0]LogConfig: Setting CVar [[r.AmbientOcclusionLevels:-1]]
[2020.03.04-06.14.40:134][  0]LogConfig: Setting CVar [[r.AmbientOcclusionRadiusScale:1.5]]
[2020.03.04-06.14.40:134][  0]LogConfig: Setting CVar [[r.DepthOfFieldQuality:1]]
[2020.03.04-06.14.40:134][  0]LogConfig: Setting CVar [[r.RenderTargetPoolMin:350]]
[2020.03.04-06.14.40:134][  0]LogConfig: Setting CVar [[r.LensFlareQuality:0]]
[2020.03.04-06.14.40:134][  0]LogConfig: Setting CVar [[r.SceneColorFringeQuality:0]]
[2020.03.04-06.14.40:134][  0]LogConfig: Setting CVar [[r.EyeAdaptationQuality:0]]
[2020.03.04-06.14.40:134][  0]LogConfig: Setting CVar [[r.BloomQuality:4]]
[2020.03.04-06.14.40:134][  0]LogConfig: Setting CVar [[r.FastBlurThreshold:2]]
[2020.03.04-06.14.40:134][  0]LogConfig: Setting CVar [[r.Upscale.Quality:2]]
[2020.03.04-06.14.40:134][  0]LogConfig: Setting CVar [[r.Tonemapper.GrainQuantization:0]]
[2020.03.04-06.14.40:134][  0]LogConfig: Setting CVar [[r.LightShaftQuality:0]]
[2020.03.04-06.14.40:134][  0]LogConfig: Setting CVar [[r.Filter.SizeScale:0.7]]
[2020.03.04-06.14.40:134][  0]LogConfig: Setting CVar [[r.Tonemapper.Quality:2]]
[2020.03.04-06.14.40:134][  0]LogConfig: Setting CVar [[r.DOF.Gather.AccumulatorQuality:0        ; lower gathering accumulator quality]]
[2020.03.04-06.14.40:134][  0]LogConfig: Setting CVar [[r.DOF.Gather.PostfilterMethod:2          ; Max3x3 postfilering method]]
[2020.03.04-06.14.40:134][  0]LogConfig: Setting CVar [[r.DOF.Gather.EnableBokehSettings:0       ; no bokeh simulation when gathering]]
[2020.03.04-06.14.40:134][  0]LogConfig: Setting CVar [[r.DOF.Gather.RingCount:3                 ; low number of samples when gathering]]
[2020.03.04-06.14.40:134][  0]LogConfig: Setting CVar [[r.DOF.Scatter.ForegroundCompositing:0    ; no foreground scattering]]
[2020.03.04-06.14.40:134][  0]LogConfig: Setting CVar [[r.DOF.Scatter.BackgroundCompositing:0    ; no foreground scattering]]
[2020.03.04-06.14.40:134][  0]LogConfig: Setting CVar [[r.DOF.Recombine.Quality:0                ; no slight out of focus]]
[2020.03.04-06.14.40:134][  0]LogConfig: Setting CVar [[r.DOF.TemporalAAQuality:0                ; faster temporal accumulation]]
[2020.03.04-06.14.40:134][  0]LogConfig: Setting CVar [[r.DOF.Kernel.MaxForegroundRadius:0.006   ; required because low gathering and no scattering and not looking great at 1080p]]
[2020.03.04-06.14.40:134][  0]LogConfig: Setting CVar [[r.DOF.Kernel.MaxBackgroundRadius:0.006   ; required because low gathering and no scattering and not looking great at 1080p]]
[2020.03.04-06.14.40:134][  0]LogConfig: Applying CVar settings from Section [TextureQuality@1] File [D:/unreal project/finalmain/Saved/Config/Windows/Scalability.ini]
[2020.03.04-06.14.40:134][  0]LogConfig: Setting CVar [[r.Streaming.MipBias:1]]
[2020.03.04-06.14.40:134][  0]LogConfig: Setting CVar [[r.Streaming.AmortizeCPUToGPUCopy:0]]
[2020.03.04-06.14.40:134][  0]LogConfig: Setting CVar [[r.Streaming.MaxNumTexturesToStreamPerFrame:0]]
[2020.03.04-06.14.40:134][  0]LogConfig: Setting CVar [[r.Streaming.Boost:1]]
[2020.03.04-06.14.40:134][  0]LogConfig: Setting CVar [[r.MaxAnisotropy:2]]
[2020.03.04-06.14.40:134][  0]LogConfig: Setting CVar [[r.VT.MaxAnisotropy:4]]
[2020.03.04-06.14.40:134][  0]LogConfig: Setting CVar [[r.Streaming.LimitPoolSizeToVRAM:1]]
[2020.03.04-06.14.40:134][  0]LogConfig: Setting CVar [[r.Streaming.PoolSize:600]]
[2020.03.04-06.14.40:135][  0]LogConfig: Setting CVar [[r.Streaming.MaxEffectiveScreenSize:0]]
[2020.03.04-06.14.40:135][  0]LogConfig: Applying CVar settings from Section [EffectsQuality@1] File [D:/unreal project/finalmain/Saved/Config/Windows/Scalability.ini]
[2020.03.04-06.14.40:135][  0]LogConfig: Setting CVar [[r.TranslucencyLightingVolumeDim:32]]
[2020.03.04-06.14.40:135][  0]LogConfig: Setting CVar [[r.RefractionQuality:0]]
[2020.03.04-06.14.40:135][  0]LogConfig: Setting CVar [[r.SSR.Quality:0]]
[2020.03.04-06.14.40:135][  0]LogConfig: Setting CVar [[r.SSR.HalfResSceneColor:1]]
[2020.03.04-06.14.40:135][  0]LogConfig: Setting CVar [[r.SceneColorFormat:3]]
[2020.03.04-06.14.40:135][  0]LogConfig: Setting CVar [[r.DetailMode:1]]
[2020.03.04-06.14.40:135][  0]LogConfig: Setting CVar [[r.TranslucencyVolumeBlur:0]]
[2020.03.04-06.14.40:135][  0]LogConfig: Setting CVar [[r.MaterialQualityLevel:2 ; Medium quality]]
[2020.03.04-06.14.40:135][  0]LogConfig: Setting CVar [[r.SSS.Scale:0.75]]
[2020.03.04-06.14.40:135][  0]LogConfig: Setting CVar [[r.SSS.SampleSet:0]]
[2020.03.04-06.14.40:135][  0]LogConfig: Setting CVar [[r.SSS.Quality:0]]
[2020.03.04-06.14.40:135][  0]LogConfig: Setting CVar [[r.SSS.HalfRes:1]]
[2020.03.04-06.14.40:135][  0]LogConfig: Setting CVar [[r.SSGI.Quality:1]]
[2020.03.04-06.14.40:135][  0]LogConfig: Setting CVar [[r.EmitterSpawnRateScale:0.25]]
[2020.03.04-06.14.40:135][  0]LogConfig: Setting CVar [[r.ParticleLightQuality:0]]
[2020.03.04-06.14.40:135][  0]LogConfig: Setting CVar [[r.SkyAtmosphere.AerialPerspectiveLUT.FastApplyOnOpaque:1 ; Always have FastSkyLUT 1 in this case to avoid wrong sky]]
[2020.03.04-06.14.40:135][  0]LogConfig: Setting CVar [[r.SkyAtmosphere.AerialPerspectiveLUT.SampleCountPerSlice:1]]
[2020.03.04-06.14.40:135][  0]LogConfig: Setting CVar [[r.SkyAtmosphere.AerialPerspectiveLUT.DepthResolution:16.0]]
[2020.03.04-06.14.40:135][  0]LogConfig: Setting CVar [[r.SkyAtmosphere.FastSkyLUT:1]]
[2020.03.04-06.14.40:135][  0]LogConfig: Setting CVar [[r.SkyAtmosphere.FastSkyLUT.SampleCountMin:4.0]]
[2020.03.04-06.14.40:135][  0]LogConfig: Setting CVar [[r.SkyAtmosphere.FastSkyLUT.SampleCountMax:32.0]]
[2020.03.04-06.14.40:135][  0]LogConfig: Setting CVar [[r.SkyAtmosphere.SampleCountMin:4.0]]
[2020.03.04-06.14.40:135][  0]LogConfig: Setting CVar [[r.SkyAtmosphere.SampleCountMax:32.0]]
[2020.03.04-06.14.40:135][  0]LogConfig: Setting CVar [[r.SkyAtmosphere.TransmittanceLUT.UseSmallFormat:0]]
[2020.03.04-06.14.40:135][  0]LogConfig: Setting CVar [[r.SkyAtmosphere.TransmittanceLUT.SampleCount:10.0]]
[2020.03.04-06.14.40:135][  0]LogConfig: Setting CVar [[r.SkyAtmosphere.MultiScatteringLUT.SampleCount:15.0]]
[2020.03.04-06.14.40:135][  0]LogConfig: Applying CVar settings from Section [FoliageQuality@1] File [D:/unreal project/finalmain/Saved/Config/Windows/Scalability.ini]
[2020.03.04-06.14.40:135][  0]LogConfig: Setting CVar [[foliage.DensityScale:0.4]]
[2020.03.04-06.14.40:135][  0]LogConfig: Setting CVar [[grass.DensityScale:0.4]]
[2020.03.04-06.14.40:135][  0]LogConfig: Applying CVar settings from Section [ShadingQuality@1] File [D:/unreal project/finalmain/Saved/Config/Windows/Scalability.ini]
[2020.03.04-06.14.40:135][  0]LogConfig: Setting CVar [[r.HairStrands.SkyLighting.SampleCount:16]]
[2020.03.04-06.14.40:135][  0]LogConfig: Setting CVar [[r.HairStrands.SkyLighting.JitterIntegration:0]]
[2020.03.04-06.14.40:135][  0]LogConfig: Setting CVar [[r.HairStrands.SkyAO.SampleCount:16]]
[2020.03.04-06.14.40:135][  0]LogConfig: Applying CVar settings from Section [Startup] File [../../../Engine/Config/ConsoleVariables.ini]
[2020.03.04-06.14.40:135][  0]LogConfig: Setting CVar [[net.UseAdaptiveNetUpdateFrequency:0]]
[2020.03.04-06.14.40:135][  0]LogConfig: Setting CVar [[p.chaos.AllowCreatePhysxBodies:1]]
[2020.03.04-06.14.40:135][  0]LogConfig: Applying CVar settings from Section [ConsoleVariables] File [D:/unreal project/finalmain/Saved/Config/Windows/Engine.ini]
[2020.03.04-06.14.40:135][  0]LogInit: Computer: PC
[2020.03.04-06.14.40:135][  0]LogInit: User: Vibhu
[2020.03.04-06.14.40:135][  0]LogInit: CPU Page size=4096, Cores=4
[2020.03.04-06.14.40:135][  0]LogInit: High frequency timer resolution =10.000000 MHz
[2020.03.04-06.14.40:136][  0]LogMemory: Memory total: Physical=7.9GB (8GB approx)
[2020.03.04-06.14.40:136][  0]LogMemory: Platform Memory Stats for Windows
[2020.03.04-06.14.40:136][  0]LogMemory: Process Physical Memory: 105.66 MB used, 105.66 MB peak
[2020.03.04-06.14.40:136][  0]LogMemory: Process Virtual Memory: 100.62 MB used, 100.62 MB peak
[2020.03.04-06.14.40:136][  0]LogMemory: Physical Memory: 6063.70 MB used,  2026.05 MB free, 8089.75 MB total
[2020.03.04-06.14.40:136][  0]LogMemory: Virtual Memory: 5137.46 MB used,  134212592.00 MB free, 134217728.00 MB total
[2020.03.04-06.14.40:140][  0]LogWindows: WindowsPlatformFeatures enabled
[2020.03.04-06.14.40:169][  0]LogInit: Using OS detected language (en-US).
[2020.03.04-06.14.40:169][  0]LogInit: Using OS detected locale (en-US).
[2020.03.04-06.14.40:170][  0]LogTextLocalizationManager: No specific localization for 'en-US' exists, so the 'en' localization will be used.
[2020.03.04-06.14.40:340][  0]LogInit: Setting process to per monitor DPI aware
[2020.03.04-06.14.40:364][  0]LogSlate: New Slate User Created.  User Index 0, Is Virtual User: 0
[2020.03.04-06.14.40:364][  0]LogSlate: Slate User Registered.  User Index 0, Is Virtual User: 0
[2020.03.04-06.14.40:512][  0]LogHMD: Failed to initialize OpenVR with code 110
[2020.03.04-06.14.40:512][  0]LogD3D11RHI: D3D11 min allowed feature level: 11_0
[2020.03.04-06.14.40:512][  0]LogD3D11RHI: D3D11 max allowed feature level: 11_0
[2020.03.04-06.14.40:512][  0]LogD3D11RHI: D3D11 adapters:
[2020.03.04-06.14.40:548][  0]LogD3D11RHI:    0. 'Radeon (TM) 530' (Feature Level 11_0)
[2020.03.04-06.14.40:548][  0]LogD3D11RHI:       4086/0/4044 MB DedicatedVideo/DedicatedSystem/SharedSystem, Outputs:1, VendorId:0x1002
[2020.03.04-06.14.40:564][  0]LogD3D11RHI:    1. 'Intel(R) UHD Graphics 620' (Feature Level 11_0)
[2020.03.04-06.14.40:564][  0]LogD3D11RHI:       128/0/4044 MB DedicatedVideo/DedicatedSystem/SharedSystem, Outputs:0, VendorId:0x8086
[2020.03.04-06.14.40:567][  0]LogD3D11RHI:    2. 'Microsoft Basic Render Driver' (Feature Level 11_0)
[2020.03.04-06.14.40:567][  0]LogD3D11RHI:       0/0/4044 MB DedicatedVideo/DedicatedSystem/SharedSystem, Outputs:0, VendorId:0x1414
[2020.03.04-06.14.40:567][  0]LogD3D11RHI: Chosen D3D11 Adapter: 0
[2020.03.04-06.14.40:580][  0]LogD3D11RHI: Creating new Direct3DDevice
[2020.03.04-06.14.40:580][  0]LogD3D11RHI:     GPU DeviceId: 0x6900 (for the marketing name, search the web for "GPU Device Id")
[2020.03.04-06.14.40:580][  0]LogWindows: EnumDisplayDevices:
[2020.03.04-06.14.40:580][  0]LogWindows:    0. 'Intel(R) UHD Graphics 620' (P:1 D:1)
[2020.03.04-06.14.40:581][  0]LogWindows:    1. 'Intel(R) UHD Graphics 620' (P:0 D:0)
[2020.03.04-06.14.40:581][  0]LogWindows:    2. 'Intel(R) UHD Graphics 620' (P:0 D:0)
[2020.03.04-06.14.40:581][  0]LogWindows: DebugString: PrimaryIsNotTheChoosenAdapter PrimaryIsNotTheChoosenAdapter PrimaryIsNotTheChoosenAdapter FoundDriverCount:0 
[2020.03.04-06.14.40:581][  0]LogD3D11RHI:     Adapter Name: Radeon (TM) 530
[2020.03.04-06.14.40:581][  0]LogD3D11RHI:   Driver Version: Unknown (internal:Unknown, unified:Unknown)
[2020.03.04-06.14.40:581][  0]LogD3D11RHI:      Driver Date: Unknown
[2020.03.04-06.14.40:581][  0]LogRHI: Texture pool is 2860 MB (70% of 4086 MB)
[2020.03.04-06.14.40:619][  0]LogD3D11RHI: RHI does not have support for 64 bit atomics
[2020.03.04-06.14.40:619][  0]LogD3D11RHI: Async texture creation enabled
[2020.03.04-06.14.40:634][  0]LogD3D11RHI: GPU Timing Frequency: 27.000000 (Debug: 2 1)
[2020.03.04-06.14.41:015][  0]LogTargetPlatformManager: Display: Loaded TargetPlatform 'AllDesktop'
[2020.03.04-06.14.41:045][  0]LogTargetPlatformManager: Display: Loaded TargetPlatform 'Android'
[2020.03.04-06.14.41:045][  0]LogTargetPlatformManager: Display: Loaded TargetPlatform 'Android_ASTC'
[2020.03.04-06.14.41:045][  0]LogTargetPlatformManager: Display: Loaded TargetPlatform 'Android_ATC'
[2020.03.04-06.14.41:045][  0]LogTargetPlatformManager: Display: Loaded TargetPlatform 'Android_DXT'
[2020.03.04-06.14.41:045][  0]LogTargetPlatformManager: Display: Loaded TargetPlatform 'Android_ETC1'
[2020.03.04-06.14.41:045][  0]LogTargetPlatformManager: Display: Loaded TargetPlatform 'Android_ETC1a'
[2020.03.04-06.14.41:045][  0]LogTargetPlatformManager: Display: Loaded TargetPlatform 'Android_ETC2'
[2020.03.04-06.14.41:045][  0]LogTargetPlatformManager: Display: Loaded TargetPlatform 'Android_PVRTC'
[2020.03.04-06.14.41:045][  0]LogTargetPlatformManager: Display: Loaded TargetPlatform 'AndroidClient'
[2020.03.04-06.14.41:045][  0]LogTargetPlatformManager: Display: Loaded TargetPlatform 'Android_ASTCClient'
[2020.03.04-06.14.41:045][  0]LogTargetPlatformManager: Display: Loaded TargetPlatform 'Android_ATCClient'
[2020.03.04-06.14.41:045][  0]LogTargetPlatformManager: Display: Loaded TargetPlatform 'Android_DXTClient'
[2020.03.04-06.14.41:045][  0]LogTargetPlatformManager: Display: Loaded TargetPlatform 'Android_ETC1Client'
[2020.03.04-06.14.41:045][  0]LogTargetPlatformManager: Display: Loaded TargetPlatform 'Android_ETC1aClient'
[2020.03.04-06.14.41:045][  0]LogTargetPlatformManager: Display: Loaded TargetPlatform 'Android_ETC2Client'
[2020.03.04-06.14.41:045][  0]LogTargetPlatformManager: Display: Loaded TargetPlatform 'Android_PVRTCClient'
[2020.03.04-06.14.41:045][  0]LogTargetPlatformManager: Display: Loaded TargetPlatform 'Android_Multi'
[2020.03.04-06.14.41:045][  0]LogTargetPlatformManager: Display: Loaded TargetPlatform 'Android_MultiClient'
[2020.03.04-06.14.41:064][  0]LogTargetPlatformManager: Display: Loaded TargetPlatform 'IOSClient'
[2020.03.04-06.14.41:064][  0]LogTargetPlatformManager: Display: Loaded TargetPlatform 'IOS'
[2020.03.04-06.14.41:071][  0]LogTargetPlatformManager: Display: Loaded TargetPlatform 'LinuxNoEditor'
[2020.03.04-06.14.41:079][  0]LogTargetPlatformManager: Display: Loaded TargetPlatform 'LinuxClient'
[2020.03.04-06.14.41:087][  0]LogTargetPlatformManager: Display: Loaded TargetPlatform 'LinuxServer'
[2020.03.04-06.14.41:095][  0]LogTargetPlatformManager: Display: Loaded TargetPlatform 'LinuxAArch64NoEditor'
[2020.03.04-06.14.41:102][  0]LogTargetPlatformManager: Display: Loaded TargetPlatform 'LinuxAArch64Client'
[2020.03.04-06.14.41:110][  0]LogTargetPlatformManager: Display: Loaded TargetPlatform 'LinuxAArch64Server'
[2020.03.04-06.14.41:130][  0]LogTargetPlatformManager: Display: Loaded TargetPlatform 'Lumin'
[2020.03.04-06.14.41:130][  0]LogTargetPlatformManager: Display: Loaded TargetPlatform 'LuminClient'
[2020.03.04-06.14.41:143][  0]LogTargetPlatformManager: Display: Loaded TargetPlatform 'TVOSClient'
[2020.03.04-06.14.41:143][  0]LogTargetPlatformManager: Display: Loaded TargetPlatform 'TVOS'
[2020.03.04-06.14.41:151][  0]LogTargetPlatformManager: Display: Loaded TargetPlatform 'WindowsNoEditor'
[2020.03.04-06.14.41:159][  0]LogTargetPlatformManager: Display: Loaded TargetPlatform 'Windows'
[2020.03.04-06.14.41:166][  0]LogTargetPlatformManager: Display: Loaded TargetPlatform 'WindowsClient'
[2020.03.04-06.14.41:174][  0]LogTargetPlatformManager: Display: Loaded TargetPlatform 'WindowsServer'
[2020.03.04-06.14.41:174][  0]LogTargetPlatformManager: Display: Building Assets For Windows
[2020.03.04-06.14.41:182][  0]LogAudioDebug: Display: Lib vorbis DLL was dynamically loaded.
[2020.03.04-06.14.41:219][  0]LogShaderCompilers: Guid format shader working directory is 17 characters bigger than the processId version (D:/unreal project/finalmain/Intermediate/Shaders/WorkingDirectory/229708/).
[2020.03.04-06.14.41:220][  0]LogShaderCompilers: Cleaned the shader compiler working directory 'C:/Users/Vibhu/AppData/Local/Temp/UnrealShaderWorkingDir/BB30FBD24EE52FA729CE2791DA2F9D71/'.
[2020.03.04-06.14.41:220][  0]LogXGEController: Cannot use XGE Controller as Incredibuild is not installed on this machine.
[2020.03.04-06.14.41:220][  0]LogShaderCompilers: Cannot use XGE Shader Compiler as Incredibuild is not installed on this machine.
[2020.03.04-06.14.41:220][  0]LogShaderCompilers: Display: Using Local Shader Compiler.
[2020.03.04-06.14.41:862][  0]LogDerivedDataCache: Display: Max Cache Size: 512 MB
[2020.03.04-06.14.41:934][  0]LogDerivedDataCache: Loaded boot cache 0.07s 78MB C:/Users/Vibhu/AppData/Local/UnrealEngine/4.24/DerivedDataCache/Boot.ddc.
[2020.03.04-06.14.41:934][  0]LogDerivedDataCache: Display: Loaded Boot cache: C:/Users/Vibhu/AppData/Local/UnrealEngine/4.24/DerivedDataCache/Boot.ddc
[2020.03.04-06.14.41:934][  0]LogDerivedDataCache: FDerivedDataBackendGraph:  Pak pak cache file D:/unreal project/finalmain/DerivedDataCache/DDC.ddp not found, will not use a pak cache.
[2020.03.04-06.14.41:934][  0]LogDerivedDataCache: Unable to find inner node Pak for hierarchical cache Hierarchy.
[2020.03.04-06.14.41:934][  0]LogDerivedDataCache: FDerivedDataBackendGraph:  CompressedPak pak cache file D:/unreal project/finalmain/DerivedDataCache/Compressed.ddp not found, will not use a pak cache.
[2020.03.04-06.14.41:934][  0]LogDerivedDataCache: Unable to find inner node CompressedPak for hierarchical cache Hierarchy.
[2020.03.04-06.14.41:943][  0]LogDerivedDataCache: Display: Pak cache opened for reading ../../../Engine/DerivedDataCache/Compressed.ddp.
[2020.03.04-06.14.41:943][  0]LogDerivedDataCache: FDerivedDataBackendGraph:  EnterprisePak pak cache file ../../../Enterprise/DerivedDataCache/Compressed.ddp not found, will not use a pak cache.
[2020.03.04-06.14.41:943][  0]LogDerivedDataCache: Unable to find inner node EnterprisePak for hierarchical cache Hierarchy.
[2020.03.04-06.14.41:945][  0]LogDerivedDataCache: Using Local data cache path C:/Users/Vibhu/AppData/Local/UnrealEngine/Common/DerivedDataCache: Writable
[2020.03.04-06.14.41:945][  0]LogDerivedDataCache: Shared data cache path not found in *engine.ini, will not use an Shared cache.
[2020.03.04-06.14.41:945][  0]LogDerivedDataCache: Unable to find inner node Shared for hierarchical cache Hierarchy.
[2020.03.04-06.14.41:970][  0]LogMaterial: Verifying Global Shaders for PCD3D_SM5
[2020.03.04-06.14.41:972][  0]LogSlate: Using FreeType 2.10.0
[2020.03.04-06.14.41:973][  0]LogSlate: SlateFontServices - WITH_FREETYPE: 1, WITH_HARFBUZZ: 1
[2020.03.04-06.14.42:024][  0]LogAssetRegistry: FAssetRegistry took 0.0022 seconds to start up
[2020.03.04-06.14.42:278][  0]LogInit: Selected Device Profile: [Windows]
[2020.03.04-06.14.42:432][  0]LogMeshReduction: Using QuadricMeshReduction for automatic static mesh reduction
[2020.03.04-06.14.42:432][  0]LogMeshReduction: Using SimplygonMeshReduction for automatic skeletal mesh reduction
[2020.03.04-06.14.42:432][  0]LogMeshReduction: Using ProxyLODMeshReduction for automatic mesh merging
[2020.03.04-06.14.42:432][  0]LogMeshReduction: No distributed automatic mesh merging module available
[2020.03.04-06.14.42:432][  0]LogMeshMerging: No distributed automatic mesh merging module available
[2020.03.04-06.14.42:444][  0]LogNetVersion: finalmain 1.0.0, NetCL: 10570792, EngineNetVer: 13, GameNetVer: 0 (Checksum: 2041292578)
[2020.03.04-06.14.43:485][  0]LogPackageLocalizationCache: Processed 10 localized package path(s) for 1 prioritized culture(s) in 0.033229 seconds
[2020.03.04-06.14.43:491][  0]LogUObjectArray: 46750 objects as part of root set at end of initial load.
[2020.03.04-06.14.43:491][  0]LogUObjectAllocator: 8137160 out of 0 bytes used by permanent object pool.
[2020.03.04-06.14.43:491][  0]LogUObjectArray: CloseDisregardForGC: 0/0 objects in disregard for GC pool
[2020.03.04-06.14.43:919][  0]LogTcpMessaging: Initializing TcpMessaging bridge
[2020.03.04-06.14.43:923][  0]LogUdpMessaging: Initializing bridge on interface 0.0.0.0:0 to multicast group 230.0.0.1:6666.
[2020.03.04-06.14.43:985][  0]SourceControl: Source control is disabled
[2020.03.04-06.14.43:985][  0]SourceControl: Source control is disabled
[2020.03.04-06.14.43:987][  0]SourceControl: Source control is disabled
[2020.03.04-06.14.43:989][  0]SourceControl: Source control is disabled
[2020.03.04-06.14.43:991][  0]SourceControl: Source control is disabled
[2020.03.04-06.14.45:508][  0]LogAndroidPermission: UAndroidPermissionCallbackProxy::GetInstance
[2020.03.04-06.14.45:523][  0]LogAudioCaptureCore: Display: No Audio Capture implementations found. Audio input will be silent.
[2020.03.04-06.14.45:523][  0]LogAudioCaptureCore: Display: No Audio Capture implementations found. Audio input will be silent.
[2020.03.04-06.14.45:614][  0]LogOcInput: OculusInput pre-init called
[2020.03.04-06.14.45:622][  0]LogWindows: Failed to load 'OVRPlugin.dll' (GetLastError=126)
[2020.03.04-06.14.45:622][  0]LogWindows: File 'OVRPlugin.dll' does not exist
[2020.03.04-06.14.45:687][  0]LogEngine: Initializing Engine...
[2020.03.04-06.14.45:688][  0]LogHMD: Failed to initialize OpenVR with code 110
[2020.03.04-06.14.45:689][  0]LogStats: UGameplayTagsManager::InitializeManager -  0.000 s
[2020.03.04-06.14.46:027][  0]LogInit: Initializing FReadOnlyCVARCache
[2020.03.04-06.14.46:035][  0]LogAIModule: Creating AISystem for world Untitled
[2020.03.04-06.14.46:092][  0]LogAudioMixer: Display: Audio Mixer Platform Settings:
[2020.03.04-06.14.46:092][  0]LogAudioMixer: Display: 	Sample Rate:						  48000
[2020.03.04-06.14.46:092][  0]LogAudioMixer: Display: 	Callback Buffer Frame Size Requested: 1024
[2020.03.04-06.14.46:092][  0]LogAudioMixer: Display: 	Callback Buffer Frame Size To Use:	  1024
[2020.03.04-06.14.46:092][  0]LogAudioMixer: Display: 	Number of buffers to queue:			  2
[2020.03.04-06.14.46:092][  0]LogAudioMixer: Display: 	Max Channels (voices):				  32
[2020.03.04-06.14.46:092][  0]LogAudioMixer: Display: 	Number of Async Source Workers:		  0
[2020.03.04-06.14.46:092][  0]LogAudio: Display: AudioDevice MaxSources: 32
[2020.03.04-06.14.46:093][  0]LogAudio: Display: Using built-in audio occlusion.
[2020.03.04-06.14.46:093][  0]LogAudioMixer: Display: Initializing audio mixer.
[2020.03.04-06.14.46:108][  0]LogAudioMixer: Display: Audio Device Output Speaker Info:
[2020.03.04-06.14.46:108][  0]LogAudioMixer: Display: Name: Speakers / Headphones (Realtek Audio)
[2020.03.04-06.14.46:108][  0]LogAudioMixer: Display: Is Default: Yes
[2020.03.04-06.14.46:108][  0]LogAudioMixer: Display: Sample Rate: 48000
[2020.03.04-06.14.46:108][  0]LogAudioMixer: Display: Channel Count Used: 2
[2020.03.04-06.14.46:108][  0]LogAudioMixer: Display: Device Channel Count: 2
[2020.03.04-06.14.46:108][  0]LogAudioMixer: Display: Channel Order:
[2020.03.04-06.14.46:108][  0]LogAudioMixer: Display: 0: FrontLeft
[2020.03.04-06.14.46:108][  0]LogAudioMixer: Display: 1: FrontRight
[2020.03.04-06.14.46:208][  0]LogAudioMixer: Display: Using Audio Device Speakers / Headphones (Realtek Audio)
[2020.03.04-06.14.46:214][  0]LogInit: FAudioDevice initialized.
[2020.03.04-06.14.46:214][  0]LogNetVersion: Set ProjectVersion to 1.0.0.0. Version Checksum will be recalculated on next use.
[2020.03.04-06.14.46:314][  0]LogDerivedDataCache: Saved boot cache 0.10s 78MB C:/Users/Vibhu/AppData/Local/UnrealEngine/4.24/DerivedDataCache/Boot.ddc.
[2020.03.04-06.14.46:319][  0]LogInit: Texture streaming: Enabled
[2020.03.04-06.14.46:337][  0]LogEngineSessionManager: EngineSessionManager initialized
[2020.03.04-06.14.46:337][  0]LogEditorSessionSummary: Verbose: Initializing EditorSessionSummaryWriter for editor session tracking
[2020.03.04-06.14.46:343][  0]LogEditorSessionSummary: EditorSessionSummaryWriter initialized
[2020.03.04-06.14.46:454][  0]LogInit: Transaction tracking system initialized
[2020.03.04-06.14.46:468][  0]BlueprintLog: New page: Editor Load
[2020.03.04-06.14.46:510][  0]LocalizationService: Localization service is disabled
[2020.03.04-06.14.47:707][  0]LogFileCache: Scanning file cache for directory 'D:/unreal project/finalmain/Content/' took 0.01s
[2020.03.04-06.14.47:707][  0]LogCook: Display: Max memory allowance for cook 16384mb min free memory 0mb
[2020.03.04-06.14.47:707][  0]LogCook: Display: Mobile HDR setting 1
[2020.03.04-06.14.48:366][  0]SourceControl: Source control is disabled
[2020.03.04-06.14.48:366][  0]Cmd: MAP LOAD FILE="D:/unreal project/finalmain/Content/ThirdPersonBP/Maps/ThirdPersonExampleMap.umap" TEMPLATE=0 SHOWPROGRESS=1 FEATURELEVEL=3
[2020.03.04-06.14.48:366][  0]LightingResults: New page: Lighting Build
[2020.03.04-06.14.48:367][  0]LogWorld: UWorld::CleanupWorld for Untitled, bSessionEnded=true, bCleanupResources=true
[2020.03.04-06.14.48:367][  0]LogSlate: InvalidateAllWidgets triggered.  All widgets were invalidated
[2020.03.04-06.14.48:367][  0]MapCheck: New page: Map Check
[2020.03.04-06.14.48:367][  0]LightingResults: New page: Lighting Build
[2020.03.04-06.14.48:390][  0]LogUObjectHash: Compacting FUObjectHashTables data took   1.47ms
[2020.03.04-06.14.53:015][  0]LogAIModule: Creating AISystem for world ThirdPersonExampleMap
[2020.03.04-06.14.59:661][  0]LogEditorServer: Finished looking for orphan Actors (0.000 secs)
[2020.03.04-06.14.59:741][  0]LogUObjectHash: Compacting FUObjectHashTables data took   2.28ms
[2020.03.04-06.14.59:742][  0]Cmd: MAP CHECKDEP NOCLEARLOG
[2020.03.04-06.14.59:742][  0]MapCheck: Map check complete: 0 Error(s), 0 Warning(s), took 0.087ms to complete.
[2020.03.04-06.14.59:742][  0]LogFileHelpers: Loading map 'ThirdPersonExampleMap' took 11.376
[2020.03.04-06.15.00:610][  0]LogSlate: Updating window title bar state: overlay mode, drag disabled, window buttons hidden, title bar hidden
[2020.03.04-06.15.00:617][  0]LogSlate: Updating window title bar state: overlay mode, drag disabled, window buttons hidden, title bar hidden
[2020.03.04-06.15.00:624][  0]LogSlate: Updating window title bar state: overlay mode, drag disabled, window buttons hidden, title bar hidden
[2020.03.04-06.15.00:631][  0]LogSlate: Updating window title bar state: overlay mode, drag disabled, window buttons hidden, title bar hidden
[2020.03.04-06.15.01:923][  0]LogCollectionManager: Loaded 0 collections in 0.001881 seconds
[2020.03.04-06.15.02:275][  0]LogFileCache: Scanning file cache for directory 'D:/unreal project/finalmain/Saved/Collections/' took 0.00s
[2020.03.04-06.15.02:275][  0]LogFileCache: Scanning file cache for directory 'D:/unreal project/finalmain/Content/Developers/Vibhu/Collections/' took 0.00s
[2020.03.04-06.15.02:275][  0]LogFileCache: Scanning file cache for directory 'D:/unreal project/finalmain/Content/Collections/' took 0.00s
[2020.03.04-06.15.02:275][  0]LogContentBrowser: Native class hierarchy populated in 0.0094 seconds. Added 3017 classes and 720 folders.
[2020.03.04-06.15.02:390][  0]LogContentBrowser: Native class hierarchy updated for 'WidgetCarousel' in 0.0003 seconds. Added 0 classes and 0 folders.
[2020.03.04-06.15.05:502][  0]LogContentBrowser: Native class hierarchy updated for 'AddContentDialog' in 0.0004 seconds. Added 0 classes and 0 folders.
[2020.03.04-06.15.05:563][  0]LogSlate: Took 0.000176 seconds to synchronously load lazily loaded font '../../../Engine/Content/Slate/Fonts/Roboto-Regular.ttf' (155K)
[2020.03.04-06.15.05:626][  0]LogSlate: Took 0.000419 seconds to synchronously load lazily loaded font '../../../Engine/Content/Slate/Fonts/Roboto-Bold.ttf' (160K)
[2020.03.04-06.15.06:295][  0]LogRenderer: Reallocating scene render targets to support 848x704 Format 9 NumSamples 1 (Frame:1).
[2020.03.04-06.15.06:942][  0]LogContentBrowser: Native class hierarchy updated for 'HierarchicalLODOutliner' in 0.0003 seconds. Added 0 classes and 0 folders.
[2020.03.04-06.15.06:942][  0]LogLoad: (Engine Initialization) Total time: 30.04 seconds
[2020.03.04-06.15.06:942][  0]LogLoad: (Engine Initialization) Total Blueprint compile time: 0.00 seconds
[2020.03.04-06.15.07:669][  0]LogContentStreaming: Texture pool size now 600 MB
[2020.03.04-06.15.09:601][ 19]LogAssetRegistry: Asset discovery search completed in 27.5771 seconds
[2020.03.04-06.15.09:604][ 19]LogCollectionManager: Fixed up redirectors for 0 collections in 0.000010 seconds (updated 0 objects)
[2020.03.04-06.16.43:894][393]LogEditorViewport: Clicking on Actor (LMB): BP_Sky_Sphere_C (SkySphereBlueprint)
[2020.03.04-06.18.29:160][256]LogSlate: Took 0.031233 seconds to synchronously load lazily loaded font '../../../Engine/Content/Editor/Slate/Fonts/FontAwesome.ttf' (139K)
[2020.03.04-06.18.29:475][256]LogSlate: Took 0.007705 seconds to synchronously load lazily loaded font '../../../Engine/Content/Slate/Fonts/Roboto-Light.ttf' (167K)
[2020.03.04-06.19.15:586][573]LogSlate: Window 'Project Settings' being destroyed
[2020.03.04-06.26.49:436][703]LogSlate: Took 0.000151 seconds to synchronously load lazily loaded font '../../../Engine/Content/Slate/Fonts/Roboto-Light.ttf' (167K)
[2020.03.04-06.26.49:526][703]LogSlate: WidgetSwitcher ('None') active index changed to -1
[2020.03.04-06.26.49:526][703]LogSlate: WidgetSwitcher ('None') active index changed to 0
[2020.03.04-06.26.49:637][703]LogSlate: Took 0.029399 seconds to synchronously load lazily loaded font '../../../Engine/Content/Slate/Fonts/Roboto-BoldCondensed.ttf' (158K)
[2020.03.04-06.26.54:751][983]LogSlate: Window 'Add C++ Class' being destroyed
[2020.03.04-06.27.34:393][222]LogSlate: Window 'Pick Parent Class' being destroyed
[2020.03.04-06.27.42:638][695]LogAssetEditorSubsystem: Opening Asset editor for Blueprint /Game/ThirdPersonBP/Blueprints/character/PickUp/PickUp.PickUp
[2020.03.04-06.27.43:714][695]LogContentBrowser: Native class hierarchy updated for 'BlueprintGraph' in 0.0011 seconds. Added 121 classes and 0 folders.
[2020.03.04-06.27.46:561][695]LogRenderer: Reallocating scene render targets to support 948x704 Format 9 NumSamples 1 (Frame:1).
[2020.03.04-06.28.13:272][794]LogUObjectHash: Compacting FUObjectHashTables data took   3.60ms
[2020.03.04-06.28.13:275][794]LogFileHelpers: Editor autosave (incl. sublevels) for '/Game/ThirdPersonBP/Maps/ThirdPersonExampleMap' took 0.211
[2020.03.04-06.28.13:341][794]OBJ SavePackage: Generating thumbnails for [0] asset(s) in package [/Game/ThirdPersonBP/Blueprints/character/PickUp/PickUp] ([1] browsable assets)...
[2020.03.04-06.28.13:341][794]OBJ SavePackage: Finished generating thumbnails for package [/Game/ThirdPersonBP/Blueprints/character/PickUp/PickUp]
[2020.03.04-06.28.13:446][794]LogSavePackage: Moving 'D:/unreal project/finalmain/Saved/PickUp_Auto171709411453171859D3BBEB3414CF7BD.tmp' to 'D:/unreal project/finalmain/Saved/Autosaves/Game/ThirdPersonBP/Blueprints/character/PickUp/PickUp_Auto1.uasset'
[2020.03.04-06.28.13:568][794]LogFileHelpers: Auto-saving content packages took 0.291
[2020.03.04-06.32.49:557][711]LogSlate: Window 'PickUp' being destroyed
[2020.03.04-06.32.50:881][779]LogSlate: Took 0.030543 seconds to synchronously load lazily loaded font '../../../Engine/Content/Slate/Fonts/Roboto-Italic.ttf' (157K)
[2020.03.04-06.34.41:908][981]LogAssetEditorSubsystem: Opening Asset editor for WidgetBlueprint /Game/ThirdPersonBP/Blueprints/character/PickUp/MyPickUpWidget.MyPickUpWidget
[2020.03.04-06.35.29:835][694]LogSlate: Last resort fallback font was requested. Font: '<unknown>', Character: '<unknown>'
[2020.03.04-06.35.30:055][694]LogSlate: Took 0.219109 seconds to synchronously load lazily loaded font '../../../Engine/Content/SlateDebug/Fonts/LastResort.ttf' (5269K)
[2020.03.04-06.37.34:683][ 49]LogEditorTransaction: Undo Resize Widget
[2020.03.04-06.37.34:890][ 50]LogEditorTransaction: Undo Edit Text
[2020.03.04-06.37.35:038][ 53]LogEditorTransaction: Undo Resize Widget
[2020.03.04-06.37.35:205][ 56]LogEditorTransaction: Undo Move Widget
[2020.03.04-06.37.35:873][ 94]LogEditorTransaction: Undo Add Widget
[2020.03.04-06.38.36:172][770]LogUObjectHash: Compacting FUObjectHashTables data took   4.41ms
[2020.03.04-06.38.36:173][770]LogFileHelpers: Editor autosave (incl. sublevels) for '/Game/ThirdPersonBP/Maps/ThirdPersonExampleMap' took 0.065
[2020.03.04-06.38.36:173][770]OBJ SavePackage: Generating thumbnails for [1] asset(s) in package [/Game/ThirdPersonBP/Blueprints/character/PickUp/PickUp] ([1] browsable assets)...
[2020.03.04-06.38.36:382][770]OBJ SavePackage:     Rendered thumbnail for [Blueprint /Game/ThirdPersonBP/Blueprints/character/PickUp/PickUp.PickUp]
[2020.03.04-06.38.36:382][770]OBJ SavePackage: Finished generating thumbnails for package [/Game/ThirdPersonBP/Blueprints/character/PickUp/PickUp]
[2020.03.04-06.38.36:446][770]LogSavePackage: Moving 'D:/unreal project/finalmain/Saved/PickUp_Auto2320192A8424B78EAC3C770B4640E77D5.tmp' to 'D:/unreal project/finalmain/Saved/Autosaves/Game/ThirdPersonBP/Blueprints/character/PickUp/PickUp_Auto2.uasset'
[2020.03.04-06.38.36:447][770]OBJ SavePackage: Generating thumbnails for [0] asset(s) in package [/Game/ThirdPersonBP/Blueprints/character/PickUp/MyPickUpWidget] ([1] browsable assets)...
[2020.03.04-06.38.36:447][770]OBJ SavePackage: Finished generating thumbnails for package [/Game/ThirdPersonBP/Blueprints/character/PickUp/MyPickUpWidget]
[2020.03.04-06.38.36:465][770]LogSavePackage: Moving 'D:/unreal project/finalmain/Saved/MyPickUpWidget_Auto25584E394482C9467177AEDA05FD16BDB.tmp' to 'D:/unreal project/finalmain/Saved/Autosaves/Game/ThirdPersonBP/Blueprints/character/PickUp/MyPickUpWidget_Auto2.uasset'
[2020.03.04-06.38.36:466][770]LogFileHelpers: Auto-saving content packages took 0.293
[2020.03.04-06.50.27:599][497]LogUObjectHash: Compacting FUObjectHashTables data took  10.03ms
[2020.03.04-06.50.27:602][497]LogFileHelpers: Editor autosave (incl. sublevels) for '/Game/ThirdPersonBP/Maps/ThirdPersonExampleMap' took 0.178
[2020.03.04-06.50.27:602][497]OBJ SavePackage: Generating thumbnails for [0] asset(s) in package [/Game/ThirdPersonBP/Blueprints/character/PickUp/MyPickUpWidget] ([1] browsable assets)...
[2020.03.04-06.50.27:602][497]OBJ SavePackage: Finished generating thumbnails for package [/Game/ThirdPersonBP/Blueprints/character/PickUp/MyPickUpWidget]
[2020.03.04-06.50.27:635][497]LogSavePackage: Moving 'D:/unreal project/finalmain/Saved/MyPickUpWidget_Auto3753244864CBFD8067D2683B720E3172C.tmp' to 'D:/unreal project/finalmain/Saved/Autosaves/Game/ThirdPersonBP/Blueprints/character/PickUp/MyPickUpWidget_Auto3.uasset'
[2020.03.04-06.50.27:636][497]LogFileHelpers: Auto-saving content packages took 0.035
[2020.03.04-07.02.22:142][330]LogSavePackage: Moving 'D:/unreal project/finalmain/Saved/MyPickUpWidgetD92FF3F341F9CE38129E889667875685.tmp' to 'D:/unreal project/finalmain/Content/ThirdPersonBP/Blueprints/character/PickUp/MyPickUpWidget.uasset'
[2020.03.04-07.02.22:210][330]AssetCheck: New page: Asset Save: MyPickUpWidget
[2020.03.04-07.02.22:210][330]LogContentValidation: Display: Validating WidgetBlueprint /Game/ThirdPersonBP/Blueprints/character/PickUp/MyPickUpWidget.MyPickUpWidget
[2020.03.04-07.02.23:372][469]LogWindowsDesktop: Alt-F4 pressed!
[2020.03.04-07.02.23:449][469]LogUObjectHash: Compacting FUObjectHashTables data took   3.56ms
[2020.03.04-07.02.28:628][469]LogSlate: Window 'Save Content' being destroyed
[2020.03.04-07.02.28:663][469]Cmd: OBJ SAVEPACKAGE PACKAGE="/Game/ThirdPersonBP/Blueprints/character/PickUp/PickUp" FILE="D:/unreal project/finalmain/Content/ThirdPersonBP/Blueprints/character/PickUp/PickUp.uasset" SILENT=true
[2020.03.04-07.02.28:678][469]LogSavePackage: Moving 'D:/unreal project/finalmain/Saved/PickUp54E45E9D450D91D17639FC8708E192B1.tmp' to 'D:/unreal project/finalmain/Content/ThirdPersonBP/Blueprints/character/PickUp/PickUp.uasset'
[2020.03.04-07.02.28:907][469]LogSlate: Window 'finalmain - Unreal Editor' being destroyed
[2020.03.04-07.02.29:290][469]LogWorld: UWorld::CleanupWorld for World_3, bSessionEnded=true, bCleanupResources=true
[2020.03.04-07.02.29:290][469]LogSlate: InvalidateAllWidgets triggered.  All widgets were invalidated
[2020.03.04-07.02.29:592][469]LogWorld: UWorld::CleanupWorld for World_7, bSessionEnded=true, bCleanupResources=true
[2020.03.04-07.02.29:592][469]LogSlate: InvalidateAllWidgets triggered.  All widgets were invalidated
[2020.03.04-07.02.29:613][469]LogWorld: UWorld::CleanupWorld for World_6, bSessionEnded=true, bCleanupResources=true
[2020.03.04-07.02.29:613][469]LogSlate: InvalidateAllWidgets triggered.  All widgets were invalidated
[2020.03.04-07.02.29:755][469]AssetCheck: New page: Asset Save: PickUp
[2020.03.04-07.02.29:755][469]LogContentValidation: Display: Validating Blueprint /Game/ThirdPersonBP/Blueprints/character/PickUp/PickUp.PickUp
[2020.03.04-07.02.29:771][470]Cmd: QUIT_EDITOR
[2020.03.04-07.02.29:771][470]LogCore: Engine exit requested (reason: UUnrealEdEngine::CloseEditor())
[2020.03.04-07.02.29:780][470]LogCore: Engine exit requested (reason: EngineExit() was called; note: exit was already requested)
[2020.03.04-07.02.29:781][470]LogAudioMixer: Display: No commands were queued while flushing the source manager.
[2020.03.04-07.02.30:185][470]LogWindowsTextInputMethodSystem: Display: IME system now deactivated.
[2020.03.04-07.02.30:199][470]LogExit: Preparing to exit.
[2020.03.04-07.02.31:360][470]LogWorld: UWorld::CleanupWorld for World_1, bSessionEnded=true, bCleanupResources=true
[2020.03.04-07.02.31:366][470]LogWorld: UWorld::CleanupWorld for World_4, bSessionEnded=true, bCleanupResources=true
[2020.03.04-07.02.31:373][470]LogWorld: UWorld::CleanupWorld for World_0, bSessionEnded=true, bCleanupResources=true
[2020.03.04-07.02.31:378][470]LogWorld: UWorld::CleanupWorld for World_5, bSessionEnded=true, bCleanupResources=true
[2020.03.04-07.02.31:383][470]LogWorld: UWorld::CleanupWorld for World_2, bSessionEnded=true, bCleanupResources=true
[2020.03.04-07.02.31:737][470]LogDemo: Cleaned up 0 splitscreen connections with owner deletion
[2020.03.04-07.02.32:545][470]LogWorld: UWorld::CleanupWorld for None, bSessionEnded=true, bCleanupResources=true
[2020.03.04-07.02.32:709][470]LogExit: Editor shut down
[2020.03.04-07.02.32:713][470]LogExit: Transaction tracking system shut down
